#
# A fatal error has been detected by the Java Runtime Environment:
#
#  Internal Error (javaClasses.cpp:129), pid=56112, tid=57720
#  fatal error: Invalid layout of preloaded class
#
# JRE version: 7.0_25-b17
# Java VM: Java HotSpot(TM) 64-Bit Server VM (23.25-b01 mixed mode windows-amd64 compressed oops)
# Failed to write core dump. Minidumps are not enabled by default on client versions of Windows
#
# If you would like to submit a bug report, please visit:
#   http://bugreport.sun.com/bugreport/crash.jsp
#

---------------  T H R E A D  ---------------

Current thread (0x000000000214c800):  JavaThread "Unknown thread" [_thread_in_vm, id=57720, stack(0x0000000002210000,0x0000000002310000)]

Stack: [0x0000000002210000,0x0000000002310000]

---------------  P R O C E S S  ---------------

Java Threads: ( => current thread )

Other Threads:

=>0x000000000214c800 (exited) JavaThread "Unknown thread" [_thread_in_vm, id=57720, stack(0x0000000002210000,0x0000000002310000)]

VM state:not at safepoint (not fully initialized)

VM Mutex/Monitor currently owned by a thread: None

GC Heap History (0 events):
No events

Deoptimization events (0 events):
No events

Internal exceptions (0 events):
No events

Events (10 events):
Event: 1.499 loading class 0x0000000002090090 done
Event: 1.500 loading class 0x0000000002052420 done
Event: 1.500 loading class 0x00000000020523f0
Event: 1.500 loading class 0x000000000209ad20
Event: 1.500 loading class 0x000000000209ad20 done
Event: 1.500 loading class 0x000000000209ad60
Event: 1.514 loading class 0x000000000209ad60 done
Event: 1.514 loading class 0x00000000088ada00
Event: 1.558 loading class 0x00000000088ada00 done
Event: 1.558 loading class 0x00000000020523f0 done


Dynamic libraries:
0x000000013f380000 - 0x000000013f3b3000 	D:\Java\jdk1.7.0_25\bin\javaw.exe
0x0000000077ca0000 - 0x0000000077e4c000 	C:\Windows\SYSTEM32\ntdll.dll
0x0000000077a40000 - 0x0000000077b5f000 	C:\Windows\system32\kernel32.dll
0x000007fefdb20000 - 0x000007fefdb8c000 	C:\Windows\system32\KERNELBASE.dll
0x000007feffcc0000 - 0x000007feffd9b000 	C:\Windows\system32\ADVAPI32.dll
0x000007feff1d0000 - 0x000007feff26f000 	C:\Windows\system32\msvcrt.dll
0x000007feffbc0000 - 0x000007feffbdf000 	C:\Windows\SYSTEM32\sechost.dll
0x000007feff750000 - 0x000007feff87e000 	C:\Windows\system32\RPCRT4.dll
0x0000000077940000 - 0x0000000077a3a000 	C:\Windows\system32\USER32.dll
0x000007fefef00000 - 0x000007fefef67000 	C:\Windows\system32\GDI32.dll
0x000007feffcb0000 - 0x000007feffcbe000 	C:\Windows\system32\LPK.dll
0x000007fefee30000 - 0x000007fefeefa000 	C:\Windows\system32\USP10.dll
0x000007fefc1b0000 - 0x000007fefc3a4000 	C:\Windows\WinSxS\amd64_microsoft.windows.common-controls_6595b64144ccf1df_6.0.7600.16661_none_fa62ad231704eab7\COMCTL32.dll
0x000007feff6c0000 - 0x000007feff731000 	C:\Windows\system32\SHLWAPI.dll
0x000007feffb90000 - 0x000007feffbbe000 	C:\Windows\system32\IMM32.DLL
0x000007feff8a0000 - 0x000007feff9a9000 	C:\Windows\system32\MSCTF.dll
0x0000000078f60000 - 0x0000000079031000 	D:\Java\jdk1.7.0_25\jre\bin\msvcr100.dll
0x0000000053000000 - 0x000000005370f000 	D:\Java\jdk1.7.0_25\jre\bin\server\jvm.dll
0x000007fef77d0000 - 0x000007fef77d9000 	C:\Windows\system32\WSOCK32.dll
0x000007feffbe0000 - 0x000007feffc2d000 	C:\Windows\system32\WS2_32.dll
0x000007feff740000 - 0x000007feff748000 	C:\Windows\system32\NSI.dll
0x000007fefdae0000 - 0x000007fefdb1b000 	C:\Windows\system32\WINMM.dll
0x0000000077e60000 - 0x0000000077e67000 	C:\Windows\system32\PSAPI.DLL
0x0000000063570000 - 0x000000006357f000 	D:\Java\jdk1.7.0_25\jre\bin\verify.dll
0x000000005b350000 - 0x000000005b378000 	D:\Java\jdk1.7.0_25\jre\bin\java.dll
0x000000005d320000 - 0x000000005d335000 	D:\Java\jdk1.7.0_25\jre\bin\zip.dll

VM Arguments:
jvm_args: -Dfile.encoding=UTF-8 -Xbootclasspath:D:\eclipse\sdk\platforms\android-18\android.jar 
java_command: com.mythos.demo.ui.base.MinaClientTest
Launcher Type: SUN_STANDARD

Environment Variables:
JAVA_HOME=D:\Java\jdk1.7.0_25
CLASSPATH=.;D:\Java\jdk1.7.0_25\jre\lib;D:\Apache Software Foundation\apache-tomcat-6.0.39\lib;E:\doc\mysql-connector-java-5.1.29.jar;
PATH=D:/Java/jdk1.7.0_25/bin/../jre/bin/server;D:/Java/jdk1.7.0_25/bin/../jre/bin;D:/Java/jdk1.7.0_25/bin/../jre/lib/amd64;C:\Program Files\MySQL\MySQL Server 5.5\bin;D:\Java\jdk1.7.0_25\bin;D:\apache-maven-3.1.0\bin;D:\eclipse\sdk\platform-tools;C:\Windows\system32;C:\Windows;C:\Windows\system32\wbem;D:\VisualSVN Server\bin;D:\sonar-3.7.4/bin;D:\Git\bin;D:\TortoiseGit\bin;D:\Program Files (x86)\develop\nodejs;C:\Users\ASUS\AppData\Roaming\npm;D:\eclipse\eclipse;
USERNAME=ASUS
OS=Windows_NT
PROCESSOR_IDENTIFIER=Intel64 Family 6 Model 42 Stepping 7, GenuineIntel



---------------  S Y S T E M  ---------------

OS: Windows 7 , 64 bit Build 7600 

CPU:total 4 (2 cores per cpu, 2 threads per core) family 6 model 42 stepping 7, cmov, cx8, fxsr, mmx, sse, sse2, sse3, ssse3, sse4.1, sse4.2, popcnt, ht, tsc, tscinvbit

Memory: 4k page, physical 4171596k(636612k free), swap 8341288k(2298644k free)

vm_info: Java HotSpot(TM) 64-Bit Server VM (23.25-b01) for windows-amd64 JRE (1.7.0_25-b17), built on Jun 21 2013 12:58:32 by "java_re" with unknown MS VC++:1600

time: Sat Feb 07 22:25:42 2015
elapsed time: 1 seconds

